============================= test session starts ==============================
platform linux -- Python 3.10.20, pytest-9.0.2, pluggy-1.6.0 -- /home/ystok6/anaconda3/envs/pedip310/bin/python
cachedir: .pytest_cache
rootdir: /mnt/f/SCAI/Learning-agent/pedagogical_ip
configfile: pyproject.toml
collecting ... collected 77 items

tests/test_belief_update.py::test_bayesian_update_moves_toward_observation PASSED [  1%]
tests/test_belief_update.py::test_bayesian_update_low_noise_follows_obs PASSED [  2%]
tests/test_belief_update.py::test_belief_from_prior PASSED               [  3%]
tests/test_belief_update.py::test_update_belief_cell_converges PASSED    [  5%]
tests/test_belief_update.py::test_unvisited_cells_maintain_prior PASSED  [  6%]
tests/test_belief_update.py::test_warning_updates_risk PASSED            [  7%]
tests/test_belief_update.py::test_belief_copy_is_independent PASSED      [  9%]
tests/test_belief_update.py::test_total_variance PASSED                  [ 10%]
tests/test_benchmark.py::test_deterministic_same_seed PASSED             [ 11%]
tests/test_benchmark.py::test_different_seeds_differ PASSED              [ 12%]
tests/test_benchmark.py::test_transfer_map_differs PASSED                [ 14%]
tests/test_benchmark.py::test_family_generates_valid_map[easy-semantic_trap] PASSED [ 15%]
tests/test_benchmark.py::test_family_generates_valid_map[easy-planning_trap] PASSED [ 16%]
tests/test_benchmark.py::test_family_generates_valid_map[easy-exploration_useful] PASSED [ 18%]
tests/test_benchmark.py::test_family_generates_valid_map[easy-mixed] PASSED [ 19%]
tests/test_benchmark.py::test_family_generates_valid_map[easy-door_lattice_sanity] PASSED [ 20%]
tests/test_benchmark.py::test_family_generates_valid_map[easy-deceptive_fork] PASSED [ 22%]
tests/test_benchmark.py::test_family_generates_valid_map[medium-semantic_trap] PASSED [ 23%]
tests/test_benchmark.py::test_family_generates_valid_map[medium-planning_trap] PASSED [ 24%]
tests/test_benchmark.py::test_family_generates_valid_map[medium-exploration_useful] PASSED [ 25%]
tests/test_benchmark.py::test_family_generates_valid_map[medium-mixed] PASSED [ 27%]
tests/test_benchmark.py::test_family_generates_valid_map[medium-door_lattice_sanity] PASSED [ 28%]
tests/test_benchmark.py::test_family_generates_valid_map[medium-deceptive_fork] PASSED [ 29%]
tests/test_benchmark.py::test_family_generates_valid_map[hard-semantic_trap] PASSED [ 31%]
tests/test_benchmark.py::test_family_generates_valid_map[hard-planning_trap] PASSED [ 32%]
tests/test_benchmark.py::test_family_generates_valid_map[hard-exploration_useful] PASSED [ 33%]
tests/test_benchmark.py::test_family_generates_valid_map[hard-mixed] PASSED [ 35%]
tests/test_benchmark.py::test_family_generates_valid_map[hard-door_lattice_sanity] PASSED [ 36%]
tests/test_benchmark.py::test_family_generates_valid_map[hard-deceptive_fork] PASSED [ 37%]
tests/test_benchmark.py::test_semantic_trap_has_risky_region PASSED      [ 38%]
tests/test_benchmark.py::test_planning_trap_has_door PASSED              [ 40%]
tests/test_benchmark.py::test_exploration_useful_low_risk PASSED         [ 41%]
tests/test_benchmark.py::test_mixed_has_three_zones PASSED               [ 42%]
tests/test_benchmark.py::test_difficulty_scales_budget PASSED            [ 44%]
tests/test_benchmark.py::test_difficulty_scales_risk PASSED              [ 45%]
tests/test_benchmark.py::test_env_runs_with_family_map[semantic_trap] PASSED [ 46%]
tests/test_benchmark.py::test_env_runs_with_family_map[planning_trap] PASSED [ 48%]
tests/test_benchmark.py::test_env_runs_with_family_map[exploration_useful] PASSED [ 49%]
tests/test_benchmark.py::test_env_runs_with_family_map[mixed] PASSED     [ 50%]
tests/test_benchmark.py::test_env_runs_with_family_map[door_lattice_sanity] PASSED [ 51%]
tests/test_benchmark.py::test_env_runs_with_family_map[deceptive_fork] PASSED [ 53%]
tests/test_benchmark.py::test_invalid_family_raises PASSED               [ 54%]
tests/test_env.py::test_reset_returns_valid_obs PASSED                   [ 55%]
tests/test_env.py::test_step_with_wait_advances_agent PASSED             [ 57%]
tests/test_env.py::test_step_preserves_observation_shape PASSED          [ 58%]
tests/test_env.py::test_episode_terminates_within_max_steps PASSED       [ 59%]
tests/test_env.py::test_render_ansi PASSED                               [ 61%]
tests/test_env.py::test_unlock_door_makes_door_passable PASSED           [ 62%]
tests/test_env.py::test_object_pickup_at_spawn PASSED                    [ 63%]
tests/test_particle_teacher.py::test_particle_init_count PASSED          [ 64%]
tests/test_particle_teacher.py::test_particle_weights_sum_to_one PASSED  [ 66%]
tests/test_particle_teacher.py::test_normalize_weights PASSED            [ 67%]
tests/test_particle_teacher.py::test_ess_uniform PASSED                  [ 68%]
tests/test_particle_teacher.py::test_ess_degenerate PASSED               [ 70%]
tests/test_particle_teacher.py::test_resample_preserves_count PASSED     [ 71%]
tests/test_particle_teacher.py::test_update_changes_weights PASSED       [ 72%]
tests/test_particle_teacher.py::test_particle_teacher_selects_valid_action PASSED [ 74%]
tests/test_particle_teacher.py::test_particle_not_reading_oracle_belief PASSED [ 75%]
tests/test_particle_teacher.py::test_oracle_still_works PASSED           [ 76%]
tests/test_planner.py::test_astar_finds_path_simple PASSED               [ 77%]
tests/test_planner.py::test_astar_respects_walls PASSED                  [ 79%]
tests/test_planner.py::test_bounded_budget_limits_expansion PASSED       [ 80%]
tests/test_planner.py::test_plan_next_action_returns_valid PASSED        [ 81%]
tests/test_planner.py::test_plan_avoids_high_risk PASSED                 [ 83%]
tests/test_planner.py::test_passable_mask PASSED                         [ 84%]
tests/test_rsa_warning.py::test_utterance_vocab_size PASSED              [ 85%]
tests/test_rsa_warning.py::test_region_masks_cover_grid PASSED           [ 87%]
tests/test_rsa_warning.py::test_score_utterances_returns_all PASSED      [ 88%]
tests/test_rsa_warning.py::test_select_best_warning_returns_valid PASSED [ 89%]
tests/test_rsa_warning.py::test_rsa_prefers_risky_side PASSED            [ 90%]
tests/test_rsa_warning.py::test_apply_rsa_warning_changes_belief PASSED  [ 92%]
tests/test_rsa_warning.py::test_apply_safe_warning_reduces_risk PASSED   [ 93%]
tests/test_rsa_warning.py::test_warn_sensitivity_affects_update_strength PASSED [ 94%]
tests/test_teacher.py::test_teacher_returns_valid_intervention PASSED    [ 96%]
tests/test_teacher.py::test_teacher_waits_when_safe PASSED               [ 97%]
tests/test_teacher.py::test_teacher_intervenes_under_risk PASSED         [ 98%]
tests/test_teacher.py::test_teacher_scores_multiple_actions PASSED       [100%]

============================== 77 passed in 1.44s ==============================
